NOTE: PROCEDURE PRINTTO used (Total process time):
      real time           0.00 seconds
      cpu time            0.00 seconds
      

5          proc setinit;
6          run;

NOTE: PROCEDURE SETINIT used (Total process time):
      real time           0.00 seconds
      cpu time            0.00 seconds
      
2                                                          The SAS System                                17:09 Friday, April 9, 2021

Original site validation data
Current version: 9.04.01M7P080520
Site name:    'OCS CONSULTING - SILVERPARTNER'.
Site number:  50903157.
CPU A: Model name='' model number='' serial='+8'.
Expiration:   30JUN2021.
Grace Period:  62 days (ending 31AUG2021).
Warning Period: 35 days (ending 05OCT2021).
System birthday:   11SEP2020.
Operating System:   WX64_E  .
Product expiration dates:
---Base SAS Software                                                                                    30JUN2021 (CPU A) 
---SAS/STAT                                                                                             30JUN2021 (CPU A) 
---SAS/GRAPH                                                                                            30JUN2021 (CPU A) 
---SAS/ETS                                                                                              30JUN2021 (CPU A) 
---SAS/FSP                                                                                              30JUN2021 (CPU A) 
---SAS/OR                                                                                               30JUN2021 (CPU A) 
---SAS/AF                                                                                               30JUN2021 (CPU A) 
---SAS/IML                                                                                              30JUN2021 (CPU A) 
---SAS/QC                                                                                               30JUN2021 (CPU A) 
---SAS/SHARE                                                                                            30JUN2021 (CPU A) 
---SAS/ASSIST                                                                                           30JUN2021 (CPU A) 
---SAS/CONNECT                                                                                          30JUN2021 (CPU A) 
---SAS/TOOLKIT                                                                                          30JUN2021 (CPU A) 
---SAS/EIS                                                                                              30JUN2021 (CPU A) 
---SAS/SHARE*NET                                                                                        30JUN2021 (CPU A) 
---SAS/Warehouse Administrator                                                                          30JUN2021 (CPU A) 
---SAS OLAP Server                                                                                      30JUN2021 (CPU A) 
---SAS Enterprise Miner                                                                                 30JUN2021 (CPU A) 
---SAS/IntrNet                                                                                          30JUN2021 (CPU A) 
---MDDB Server common products                                                                          30JUN2021 (CPU A) 
---SAS Integration Technologies                                                                         30JUN2021 (CPU A) 
---SAS/Secure 168-bit                                                                                   30JUN2021 (CPU A) 
---SAS/Secure Windows                                                                                   30JUN2021 (CPU A) 
---SAS AppDev Studio                                                                                    30JUN2021 (CPU A) 
---SAS Enterprise Miner Server                                                                          30JUN2021 (CPU A) 
---SAS Enterprise Miner Client                                                                          30JUN2021 (CPU A) 
---SAS Text Miner                                                                                       30JUN2021 (CPU A) 
---Unused OLAP Slot                                                                                     30JUN2021 (CPU A) 
---SAS Data Quality Server                                                                              30JUN2021 (CPU A) 
---SAS High-Performance Forecasting                                                                     30JUN2021 (CPU A) 
---SAS Enterprise Guide                                                                                 30JUN2021 (CPU A) 
---Forecast Server Conditional Setinit                                                                  30JUN2021 (CPU A) 
---OR OPT                                                                                               30JUN2021 (CPU A) 
---OR PRS                                                                                               30JUN2021 (CPU A) 
---OR IVS                                                                                               30JUN2021 (CPU A) 
---OR LSO                                                                                               30JUN2021 (CPU A) 
---SAS/ACCESS Interface to DB2                                                                          30JUN2021 (CPU A) 
---SAS/ACCESS Interface to Oracle                                                                       30JUN2021 (CPU A) 
---SAS/ACCESS Interface to SAP ASE                                                                      30JUN2021 (CPU A) 
---SAS/ACCESS Interface to PC Files                                                                     30JUN2021 (CPU A) 
---SAS/ACCESS Interface to ODBC                                                                         30JUN2021 (CPU A) 
---SAS/ACCESS Interface to OLE DB                                                                       30JUN2021 (CPU A) 
---SAS/ACCESS Interface to R/3                                                                          30JUN2021 (CPU A) 
---SAS/ACCESS Interface to Teradata                                                                     30JUN2021 (CPU A) 
---SAS/ACCESS Interface to Microsoft SQL Server                                                         30JUN2021 (CPU A) 
---SAS/ACCESS Interface to MySQL                                                                        30JUN2021 (CPU A) 
---DataFlux Platform                                                                                    30JUN2021 (CPU A) 
3                                                          The SAS System                                17:09 Friday, April 9, 2021

---SAS Data Quality Server - All Languages                                                              30JUN2021 (CPU A) 
---SAS Data Quality Server - dfPower Profile                                                            30JUN2021 (CPU A) 
---SAS Data Quality Server - dfPower Monitor                                                            30JUN2021 (CPU A) 
---SAS Data Quality Server - dfPower Quality                                                            30JUN2021 (CPU A) 
---SAS Forecast Studio                                                                                  30JUN2021 (CPU A) 
---SAS Forecast Server Mid-Tier                                                                         30JUN2021 (CPU A) 
---SAS Metadata Bridges for General Industry Standards                                                  30JUN2021 (CPU A) 
---SAS/IML Studio                                                                                       30JUN2021 (CPU A) 
---SAS Workspace Server for Local Access                                                                30JUN2021 (CPU A) 
---SAS Workspace Server for Enterprise Access                                                           30JUN2021 (CPU A) 
---SAS/ACCESS Interface to Netezza                                                                      30JUN2021 (CPU A) 
---SAS/ACCESS Interface to Aster nCluster                                                               30JUN2021 (CPU A) 
---SAS/ACCESS Interface to Greenplum                                                                    30JUN2021 (CPU A) 
---SAS/ACCESS Interface to SAP IQ                                                                       30JUN2021 (CPU A) 
---SAS/ACCESS to Hadoop                                                                                 30JUN2021 (CPU A) 
---SAS/ACCESS to Vertica                                                                                30JUN2021 (CPU A) 
---SAS/ACCESS to Postgres                                                                               30JUN2021 (CPU A) 
---SAS/ACCESS to Impala                                                                                 30JUN2021 (CPU A) 
---SAS/ACCESS to Salesforce                                                                             30JUN2021 (CPU A) 
---SAS/ACCESS to HAWQ                                                                                   30JUN2021 (CPU A) 
---SAS/ACCESS to Amazon Redshift                                                                        30JUN2021 (CPU A) 
---DataFlux Standard Federation Svr                                                                     30JUN2021 (CPU A) 
---DataFlux Driver for Base SAS                                                                         30JUN2021 (CPU A) 
---DataFlux Driver for DB2 CS                                                                           30JUN2021 (CPU A) 
---DataFlux Driver for ODBC                                                                             30JUN2021 (CPU A) 
---DataFlux Driver for Oracle                                                                           30JUN2021 (CPU A) 
---DataFlux Ent Data Mgt Svr Platform                                                                   30JUN2021 (CPU A) 
---DataFlux Data Mgt Studio Entity Res                                                                  30JUN2021 (CPU A) 
---DataFlux Data Mgt Studio Data Flow                                                                   30JUN2021 (CPU A) 
---DataFlux Data Mgt Studio Process Flow                                                                30JUN2021 (CPU A) 
---DataFlux Authentication Server                                                                       30JUN2021 (CPU A) 
---DataFlux DataFlux Secure                                                                             30JUN2021 (CPU A) 
---DataFlux Secure: AES                                                                                 30JUN2021 (CPU A) 
---High Performance Suite                                                                               30JUN2021 (CPU A) 
---SAS Add-in for Microsoft Excel                                                                       30JUN2021 (CPU A) 
---SAS Add-in for Microsoft Outlook                                                                     30JUN2021 (CPU A) 
---SAS Add-in for Microsoft PowerPoint                                                                  30JUN2021 (CPU A) 
---SAS Add-in for Microsoft Word                                                                        30JUN2021 (CPU A) 
---SAS Search and Indexing Server                                                                       30JUN2021 (CPU A) 
---SAS Web Crawler Server                                                                               30JUN2021 (CPU A) 
---Data Mgt Svr MonDash Viewer                                                                          30JUN2021 (CPU A) 
---DataFlux Web Studio Server                                                                           30JUN2021 (CPU A) 
---Data Mgt Svr Doc Extract                                                                             30JUN2021 (CPU A) 
---SAS LASR Analytic Server                                                                             30JUN2021 (CPU A) 
---SAS Time Series Workspace Macros                                                                     30JUN2021 (CPU A) 
---SAS Visual Analytics Hub                                                                             30JUN2021 (CPU A) 
---SAS Visual Analytics Services                                                                        30JUN2021 (CPU A) 
---SAS/ACCESS to SAP HANA                                                                               30JUN2021 (CPU A) 
---Advanced Programming for LASR Analytic Server                                                        30JUN2021 (CPU A) 
---SAS Visual Analytics Server Components                                                               30JUN2021 (CPU A) 
---Visual Process Server                                                                                30JUN2021 (CPU A) 
---FedSvr Driver for SASHDAT                                                                            30JUN2021 (CPU A) 
---FedSvr Driver for Postgres                                                                           30JUN2021 (CPU A) 
---BzDataNtwrk MidTier                                                                                  30JUN2021 (CPU A) 
---SAS Visual Statistics Mid-tier                                                                       30JUN2021 (CPU A) 
---SAS/ACCESS Interface to the PI System                                                                30JUN2021 (CPU A) 
---Visual Analytics Explorer                                                                            30JUN2021 (CPU A) 
---SAS/ACCESS to JDBC                                                                                   30JUN2021 (CPU A) 
4                                                          The SAS System                                17:09 Friday, April 9, 2021

---SAS/ACCESS to Snowflake                                                                              30JUN2021 (CPU A) 

7          
8          proc printto;
9          run;

